# JRE version: Java(TM) SE Runtime Environment (8.0_131-b11) (build 1.8.0_131-b11)
# Java VM: Java HotSpot(TM) 64-Bit Server VM (25.131-b11 mixed mode windows-amd64 compressed oops)
Heap:
 PSYoungGen      total 37888K, used 1497K [0x0000000780780000, 0x0000000783080000, 0x00000007c0000000)
  eden space 36864K, 2% used [0x0000000780780000,0x000000078085e510,0x0000000782b80000)
  from space 1024K, 59% used [0x0000000782c00000,0x0000000782c98000,0x0000000782d00000)
  to   space 2560K, 0% used [0x0000000782e00000,0x0000000782e00000,0x0000000783080000)
 ParOldGen       total 131072K, used 4741K [0x0000000701600000, 0x0000000709600000, 0x0000000780780000)
  object space 131072K, 3% used [0x0000000701600000,0x0000000701aa17b0,0x0000000709600000)
 Metaspace       used 12274K, capacity 12606K, committed 12672K, reserved 1060864K
  class space    used 1419K, capacity 1606K, committed 1664K, reserved 1048576K
GC Heap History (10 events):
Event: 260.948 GC heap before
{Heap before GC invocations=52 (full 15):
 PSYoungGen      total 40448K, used 13726K [0x0000000780780000, 0x0000000783200000, 0x00000007c0000000)
  eden space 37376K, 36% used [0x0000000780780000,0x00000007814e7b58,0x0000000782c00000)
  from space 3072K, 0% used [0x0000000782f00000,0x0000000782f00000,0x0000000783200000)
  to   space 3072K, 0% used [0x0000000782c00000,0x0000000782c00000,0x0000000782f00000)
 ParOldGen       total 131072K, used 5084K [0x0000000701600000, 0x0000000709600000, 0x0000000780780000)
  object space 131072K, 3% used [0x0000000701600000,0x0000000701af7138,0x0000000709600000)
 Metaspace       used 12274K, capacity 12606K, committed 12672K, reserved 1060864K
  class space    used 1419K, capacity 1606K, committed 1664K, reserved 1048576K
Event: 260.952 GC heap after
Heap after GC invocations=52 (full 15):
 PSYoungGen      total 37888K, used 288K [0x0000000780780000, 0x0000000783100000, 0x00000007c0000000)
  eden space 37376K, 0% used [0x0000000780780000,0x0000000780780000,0x0000000782c00000)
  from space 512K, 56% used [0x0000000782c00000,0x0000000782c48000,0x0000000782c80000)
  to   space 2560K, 0% used [0x0000000782e80000,0x0000000782e80000,0x0000000783100000)
 ParOldGen       total 131072K, used 5084K [0x0000000701600000, 0x0000000709600000, 0x0000000780780000)
  object space 131072K, 3% used [0x0000000701600000,0x0000000701af7138,0x0000000709600000)
 Metaspace       used 12274K, capacity 12606K, committed 12672K, reserved 1060864K
  class space    used 1419K, capacity 1606K, committed 1664K, reserved 1048576K
}
Event: 260.952 GC heap before
{Heap before GC invocations=53 (full 16):
 PSYoungGen      total 37888K, used 288K [0x0000000780780000, 0x0000000783100000, 0x00000007c0000000)
  eden space 37376K, 0% used [0x0000000780780000,0x0000000780780000,0x0000000782c00000)
  from space 512K, 56% used [0x0000000782c00000,0x0000000782c48000,0x0000000782c80000)
  to   space 2560K, 0% used [0x0000000782e80000,0x0000000782e80000,0x0000000783100000)
 ParOldGen       total 131072K, used 5084K [0x0000000701600000, 0x0000000709600000, 0x0000000780780000)
  object space 131072K, 3% used [0x0000000701600000,0x0000000701af7138,0x0000000709600000)
 Metaspace       used 12274K, capacity 12606K, committed 12672K, reserved 1060864K
  class space    used 1419K, capacity 1606K, committed 1664K, reserved 1048576K
Event: 260.974 GC heap after
Heap after GC invocations=53 (full 16):
 PSYoungGen      total 37888K, used 0K [0x0000000780780000, 0x0000000783100000, 0x00000007c0000000)
  eden space 37376K, 0% used [0x0000000780780000,0x0000000780780000,0x0000000782c00000)
  from space 512K, 0% used [0x0000000782c00000,0x0000000782c00000,0x0000000782c80000)
  to   space 2560K, 0% used [0x0000000782e80000,0x0000000782e80000,0x0000000783100000)
 ParOldGen       total 131072K, used 4854K [0x0000000701600000, 0x0000000709600000, 0x0000000780780000)
  object space 131072K, 3% used [0x0000000701600000,0x0000000701abd9d0,0x0000000709600000)
 Metaspace       used 12274K, capacity 12606K, committed 12672K, reserved 1060864K
  class space    used 1419K, capacity 1606K, committed 1664K, reserved 1048576K
}
Event: 277.138 GC heap before
{Heap before GC invocations=54 (full 16):
 PSYoungGen      total 37888K, used 12553K [0x0000000780780000, 0x0000000783100000, 0x00000007c0000000)
  eden space 37376K, 33% used [0x0000000780780000,0x00000007813c27c8,0x0000000782c00000)
  from space 512K, 0% used [0x0000000782c00000,0x0000000782c00000,0x0000000782c80000)
  to   space 2560K, 0% used [0x0000000782e80000,0x0000000782e80000,0x0000000783100000)
 ParOldGen       total 131072K, used 4854K [0x0000000701600000, 0x0000000709600000, 0x0000000780780000)
  object space 131072K, 3% used [0x0000000701600000,0x0000000701abd9d0,0x0000000709600000)
 Metaspace       used 12274K, capacity 12606K, committed 12672K, reserved 1060864K
  class space    used 1419K, capacity 1606K, committed 1664K, reserved 1048576K
Event: 277.139 GC heap after
Heap after GC invocations=54 (full 16):
 PSYoungGen      total 39936K, used 224K [0x0000000780780000, 0x0000000783100000, 0x00000007c0000000)
  eden space 37376K, 0% used [0x0000000780780000,0x0000000780780000,0x0000000782c00000)
  from space 2560K, 8% used [0x0000000782e80000,0x0000000782eb8000,0x0000000783100000)
  to   space 2560K, 0% used [0x0000000782c00000,0x0000000782c00000,0x0000000782e80000)
 ParOldGen       total 131072K, used 4854K [0x0000000701600000, 0x0000000709600000, 0x0000000780780000)
  object space 131072K, 3% used [0x0000000701600000,0x0000000701abd9d0,0x0000000709600000)
 Metaspace       used 12274K, capacity 12606K, committed 12672K, reserved 1060864K
  class space    used 1419K, capacity 1606K, committed 1664K, reserved 1048576K
}
Event: 277.139 GC heap before
{Heap before GC invocations=55 (full 17):
 PSYoungGen      total 39936K, used 224K [0x0000000780780000, 0x0000000783100000, 0x00000007c0000000)
  eden space 37376K, 0% used [0x0000000780780000,0x0000000780780000,0x0000000782c00000)
  from space 2560K, 8% used [0x0000000782e80000,0x0000000782eb8000,0x0000000783100000)
  to   space 2560K, 0% used [0x0000000782c00000,0x0000000782c00000,0x0000000782e80000)
 ParOldGen       total 131072K, used 4854K [0x0000000701600000, 0x0000000709600000, 0x0000000780780000)
  object space 131072K, 3% used [0x0000000701600000,0x0000000701abd9d0,0x0000000709600000)
 Metaspace       used 12274K, capacity 12606K, committed 12672K, reserved 1060864K
  class space    used 1419K, capacity 1606K, committed 1664K, reserved 1048576K
Event: 277.166 GC heap after
Heap after GC invocations=55 (full 17):
 PSYoungGen      total 39936K, used 0K [0x0000000780780000, 0x0000000783100000, 0x00000007c0000000)
  eden space 37376K, 0% used [0x0000000780780000,0x0000000780780000,0x0000000782c00000)
  from space 2560K, 0% used [0x0000000782e80000,0x0000000782e80000,0x0000000783100000)
  to   space 2560K, 0% used [0x0000000782c00000,0x0000000782c00000,0x0000000782e80000)
 ParOldGen       total 131072K, used 4741K [0x0000000701600000, 0x0000000709600000, 0x0000000780780000)
  object space 131072K, 3% used [0x0000000701600000,0x0000000701aa17b0,0x0000000709600000)
 Metaspace       used 12274K, capacity 12606K, committed 12672K, reserved 1060864K
  class space    used 1419K, capacity 1606K, committed 1664K, reserved 1048576K
}
Event: 287.453 GC heap before
{Heap before GC invocations=56 (full 17):
 PSYoungGen      total 39936K, used 37376K [0x0000000780780000, 0x0000000783100000, 0x00000007c0000000)
  eden space 37376K, 100% used [0x0000000780780000,0x0000000782c00000,0x0000000782c00000)
  from space 2560K, 0% used [0x0000000782e80000,0x0000000782e80000,0x0000000783100000)
  to   space 2560K, 0% used [0x0000000782c00000,0x0000000782c00000,0x0000000782e80000)
 ParOldGen       total 131072K, used 4741K [0x0000000701600000, 0x0000000709600000, 0x0000000780780000)
  object space 131072K, 3% used [0x0000000701600000,0x0000000701aa17b0,0x0000000709600000)
 Metaspace       used 12274K, capacity 12606K, committed 12672K, reserved 1060864K
  class space    used 1419K, capacity 1606K, committed 1664K, reserved 1048576K
Event: 287.454 GC heap after
Heap after GC invocations=56 (full 17):
 PSYoungGen      total 37888K, used 608K [0x0000000780780000, 0x0000000783080000, 0x00000007c0000000)
  eden space 36864K, 0% used [0x0000000780780000,0x0000000780780000,0x0000000782b80000)
  from space 1024K, 59% used [0x0000000782c00000,0x0000000782c98000,0x0000000782d00000)
  to   space 2560K, 0% used [0x0000000782e00000,0x0000000782e00000,0x0000000783080000)
 ParOldGen       total 131072K, used 4741K [0x0000000701600000, 0x0000000709600000, 0x0000000780780000)
  object space 131072K, 3% used [0x0000000701600000,0x0000000701aa17b0,0x0000000709600000)
 Metaspace       used 12274K, capacity 12606K, committed 12672K, reserved 1060864K
  class space    used 1419K, capacity 1606K, committed 1664K, reserved 1048576K
}

